Build started 3/15/16 23:57:23.
     1>Project "C:\Users\Ryan\Documents\Visual Studio 2010\Projects\Project Euler\Project Euler.vcxproj" on node 2 (build target(s)).
     1>InitializeBuildStatus:
         Creating "Debug\Project Euler.unsuccessfulbuild" because "AlwaysCreate" was specified.
       ClCompile:
         C:\Program Files\Microsoft Visual Studio 10.0\VC\bin\CL.exe /c /ZI /nologo /W3 /WX- /Od /Oy- /D _MBCS /Gm /EHsc /RTC1 /MDd /GS /fp:precise /Zc:wchar_t /Zc:forScope /Fo"Debug\\" /Fd"Debug\vc100.pdb" /Gd /TC /analyze- /errorReport:prompt problem3.c
         problem3.c
     1>c:\users\ryan\documents\visual studio 2010\projects\project euler\problem3.c(17): warning C4244: 'return' : conversion from 'unsigned __int64' to 'unsigned long', possible loss of data
       Link:
         C:\Program Files\Microsoft Visual Studio 10.0\VC\bin\link.exe /ERRORREPORT:PROMPT /OUT:"C:\Users\Ryan\Documents\Visual Studio 2010\Projects\Project Euler\Debug\Project Euler.exe" /NOLOGO kernel32.lib user32.lib gdi32.lib winspool.lib comdlg32.lib advapi32.lib shell32.lib ole32.lib oleaut32.lib uuid.lib odbc32.lib odbccp32.lib /MANIFEST /ManifestFile:"Debug\Project Euler.exe.intermediate.manifest" /MANIFESTUAC:"level='asInvoker' uiAccess='false'" /DEBUG /PDB:"C:\Users\Ryan\Documents\Visual Studio 2010\Projects\Project Euler\Debug\Project Euler.pdb" /TLBID:1 /DYNAMICBASE /NXCOMPAT /IMPLIB:"C:\Users\Ryan\Documents\Visual Studio 2010\Projects\Project Euler\Debug\Project Euler.lib" /MACHINE:X86 Debug\main.obj
         Debug\problem1.obj
         Debug\problem2.obj
         Debug\problem3.obj
         LINK : C:\Users\Ryan\Documents\Visual Studio 2010\Projects\Project Euler\Debug\Project Euler.exe not found or not built by the last incremental link; performing full link
         Project Euler.vcxproj -> C:\Users\Ryan\Documents\Visual Studio 2010\Projects\Project Euler\Debug\Project Euler.exe
       Manifest:
         C:\Program Files\Microsoft SDKs\Windows\v7.0A\bin\mt.exe /nologo /verbose /outputresource:"C:\Users\Ryan\Documents\Visual Studio 2010\Projects\Project Euler\Debug\Project Euler.exe;#1" /manifest "Debug\Project Euler.exe.intermediate.manifest"
       FinalizeBuildStatus:
         Deleting file "Debug\Project Euler.unsuccessfulbuild".
         Touching "Debug\Project Euler.lastbuildstate".
     1>Done Building Project "C:\Users\Ryan\Documents\Visual Studio 2010\Projects\Project Euler\Project Euler.vcxproj" (build target(s)).

Build succeeded.

Time Elapsed 00:00:00.82
